  Origem.cpp
C:\Users\Roma\source\repos\Trabalho_GB\Trabalho_GB\Filtros\Origem.cpp(204,84): warning C4244: 'argumento': conversão de 'double' para '_Tp', possível perda de dados
          with
          [
              _Tp=int
          ]
C:\Users\Roma\source\repos\Trabalho_GB\Trabalho_GB\Filtros\Origem.cpp(204,62): warning C4244: 'argumento': conversão de 'double' para '_Tp', possível perda de dados
          with
          [
              _Tp=int
          ]
C:\Users\Roma\source\repos\Trabalho_GB\Trabalho_GB\Filtros\Origem.cpp(205,94): warning C4244: 'argumento': conversão de 'double' para '_Tp', possível perda de dados
          with
          [
              _Tp=int
          ]
C:\Users\Roma\source\repos\Trabalho_GB\Trabalho_GB\Filtros\Origem.cpp(205,70): warning C4244: 'argumento': conversão de 'double' para '_Tp', possível perda de dados
          with
          [
              _Tp=int
          ]
C:\Users\Roma\source\repos\Trabalho_GB\Trabalho_GB\Filtros\Origem.cpp(206,84): warning C4244: 'argumento': conversão de 'double' para '_Tp', possível perda de dados
          with
          [
              _Tp=int
          ]
C:\Users\Roma\source\repos\Trabalho_GB\Trabalho_GB\Filtros\Origem.cpp(206,61): warning C4244: 'argumento': conversão de 'double' para '_Tp', possível perda de dados
          with
          [
              _Tp=int
          ]
C:\Users\Roma\source\repos\Trabalho_GB\Trabalho_GB\Filtros\Origem.cpp(207,90): warning C4244: 'argumento': conversão de 'double' para '_Tp', possível perda de dados
          with
          [
              _Tp=int
          ]
C:\Users\Roma\source\repos\Trabalho_GB\Trabalho_GB\Filtros\Origem.cpp(207,65): warning C4244: 'argumento': conversão de 'double' para '_Tp', possível perda de dados
          with
          [
              _Tp=int
          ]
C:\Users\Roma\source\repos\Trabalho_GB\Trabalho_GB\Filtros\Origem.cpp(208,76): warning C4244: 'argumento': conversão de 'double' para '_Tp', possível perda de dados
          with
          [
              _Tp=int
          ]
C:\Users\Roma\source\repos\Trabalho_GB\Trabalho_GB\Filtros\Origem.cpp(208,55): warning C4244: 'argumento': conversão de 'double' para '_Tp', possível perda de dados
          with
          [
              _Tp=int
          ]
C:\Users\Roma\source\repos\Trabalho_GB\Trabalho_GB\Filtros\Origem.cpp(289,89): warning C4244: '=': conversão de 'double' para 'uchar', possível perda de dados
  Filtros.vcxproj -> C:\Users\Roma\source\repos\Trabalho_GB\Trabalho_GB\x64\Debug\Filtros.exe
